<?xml version="1.0" encoding="UTF-8"?>
<!-- Generated by org.testng.reporters.JUnitReportReporter -->
<testsuite hostname="DESKTOP-CTJB10I" failures="0" tests="3" name="com.test.KhachHang.TestThemKH" time="0.931" errors="0" timestamp="2022-04-21T10:50:17 ICT" skipped="0">
  <testcase classname="com.test.KhachHang.TestThemKH" name="insertKH" time="0.122"/>
  <system-out/>
  <testcase classname="com.test.KhachHang.TestThemKH" name="insertKH" time="0.711"/>
  <system-out/>
  <testcase classname="com.test.KhachHang.TestThemKH" name="insertKH" time="0.098"/>
  <system-out/>
</testsuite> <!-- com.test.KhachHang.TestThemKH -->
