<?xml version="1.0" encoding="UTF-8"?>
<!-- Generated by org.testng.reporters.JUnitReportReporter -->
<testsuite hostname="DESKTOP-CTJB10I" failures="0" tests="6" name="com.test.SanPham.testCapNhatLoaiSP" time="0.232" errors="0" timestamp="2022-04-12T18:49:04 ICT" skipped="0">
  <testcase classname="com.test.SanPham.testCapNhatLoaiSP" name="TestUpdate" time="0.043"/>
  <system-out/>
  <testcase classname="com.test.SanPham.testCapNhatLoaiSP" name="TestUpdate" time="0.032"/>
  <system-out/>
  <testcase classname="com.test.SanPham.testCapNhatLoaiSP" name="TestUpdate" time="0.039"/>
  <system-out/>
  <testcase classname="com.test.SanPham.testCapNhatLoaiSP" name="TestUpdate" time="0.033"/>
  <system-out/>
  <testcase classname="com.test.SanPham.testCapNhatLoaiSP" name="TestUpdate" time="0.045"/>
  <system-out/>
  <testcase classname="com.test.SanPham.testCapNhatLoaiSP" name="TestUpdate" time="0.040"/>
  <system-out/>
</testsuite> <!-- com.test.SanPham.testCapNhatLoaiSP -->
