<?xml version="1.0" encoding="UTF-8"?>
<!-- Generated by org.testng.reporters.JUnitReportReporter -->
<testsuite hostname="locttpc01615" failures="0" tests="3" name="com.test.TaiKhoan.TestXoaTaiKhoan" time="0.446" errors="0" timestamp="2022-04-12T18:26:26 ICT" skipped="0">
  <testcase classname="com.test.TaiKhoan.TestXoaTaiKhoan" name="testXoaTaiKhoan" time="0.017"/>
  <system-out/>
  <testcase classname="com.test.TaiKhoan.TestXoaTaiKhoan" name="testXoaTaiKhoan" time="0.411"/>
  <system-out/>
  <testcase classname="com.test.TaiKhoan.TestXoaTaiKhoan" name="testXoaTaiKhoan" time="0.018"/>
  <system-out/>
</testsuite> <!-- com.test.TaiKhoan.TestXoaTaiKhoan -->
