<?xml version="1.0" encoding="UTF-8"?>
<!-- Generated by org.testng.reporters.JUnitReportReporter -->
<testsuite hostname="DESKTOP-CTJB10I" failures="0" tests="8" name="com.test.HoaDon.TestSuaHoaDon" time="0.381" errors="0" timestamp="2022-04-21T10:49:51 ICT" skipped="0">
  <testcase classname="com.test.HoaDon.TestSuaHoaDon" name="updatetHD" time="0.050"/>
  <system-out/>
  <testcase classname="com.test.HoaDon.TestSuaHoaDon" name="updatetHD" time="0.052"/>
  <system-out/>
  <testcase classname="com.test.HoaDon.TestSuaHoaDon" name="updatetHD" time="0.045"/>
  <system-out/>
  <testcase classname="com.test.HoaDon.TestSuaHoaDon" name="updatetHD" time="0.053"/>
  <system-out/>
  <testcase classname="com.test.HoaDon.TestSuaHoaDon" name="updatetHDCT" time="0.049"/>
  <system-out/>
  <testcase classname="com.test.HoaDon.TestSuaHoaDon" name="updatetHDCT" time="0.038"/>
  <system-out/>
  <testcase classname="com.test.HoaDon.TestSuaHoaDon" name="updatetHDCT" time="0.051"/>
  <system-out/>
  <testcase classname="com.test.HoaDon.TestSuaHoaDon" name="updatetHDCT" time="0.043"/>
  <system-out/>
</testsuite> <!-- com.test.HoaDon.TestSuaHoaDon -->
