<?xml version="1.0" encoding="UTF-8"?>
<!-- Generated by org.testng.reporters.JUnitReportReporter -->
<testsuite hostname="DESKTOP-CTJB10I" failures="0" tests="2" name="com.test.HoaDon.TestXoaHDCT" time="0.137" errors="0" timestamp="2022-04-21T10:49:51 ICT" skipped="0">
  <testcase classname="com.test.HoaDon.TestXoaHDCT" name="deleteHDCTbyID" time="0.073"/>
  <system-out/>
  <testcase classname="com.test.HoaDon.TestXoaHDCT" name="deleteHDCTbyID" time="0.064"/>
  <system-out/>
</testsuite> <!-- com.test.HoaDon.TestXoaHDCT -->
