<?xml version="1.0" encoding="UTF-8"?>
<!-- Generated by org.testng.reporters.JUnitReportReporter -->
<testsuite hostname="locttpc01615" failures="0" tests="18" name="com.test.SanPham.testTimKiemLoaiSP" time="0.547" errors="0" timestamp="2022-04-12T18:27:23 ICT" skipped="0">
  <testcase classname="com.test.SanPham.testTimKiemLoaiSP" name="TestSelectByLoaiInSanPham" time="0.012"/>
  <system-out/>
  <testcase classname="com.test.SanPham.testTimKiemLoaiSP" name="TestFindByKeyword" time="0.014"/>
  <system-out/>
  <testcase classname="com.test.SanPham.testTimKiemLoaiSP" name="TestFindById" time="0.066"/>
  <system-out/>
  <testcase classname="com.test.SanPham.testTimKiemLoaiSP" name="TestFindByKeyword" time="0.013"/>
  <system-out/>
  <testcase classname="com.test.SanPham.testTimKiemLoaiSP" name="TestFindByKeyword" time="0.012"/>
  <system-out/>
  <testcase classname="com.test.SanPham.testTimKiemLoaiSP" name="TestFindByKeyword" time="0.074"/>
  <system-out/>
  <testcase classname="com.test.SanPham.testTimKiemLoaiSP" name="TestFindById" time="0.054"/>
  <system-out/>
  <testcase classname="com.test.SanPham.testTimKiemLoaiSP" name="TestFindByKeyword" time="0.074"/>
  <system-out/>
  <testcase classname="com.test.SanPham.testTimKiemLoaiSP" name="TestSelectByLoaiInSanPham" time="0.011"/>
  <system-out/>
  <testcase classname="com.test.SanPham.testTimKiemLoaiSP" name="TestSelectByLoaiInSanPham" time="0.072"/>
  <system-out/>
  <testcase classname="com.test.SanPham.testTimKiemLoaiSP" name="TestFindById" time="0.011"/>
  <system-out/>
  <testcase classname="com.test.SanPham.testTimKiemLoaiSP" name="TestFindById" time="0.012"/>
  <system-out/>
  <testcase classname="com.test.SanPham.testTimKiemLoaiSP" name="TestFindById" time="0.013"/>
  <system-out/>
  <testcase classname="com.test.SanPham.testTimKiemLoaiSP" name="TestSelectByLoaiInSanPham" time="0.063"/>
  <system-out/>
  <testcase classname="com.test.SanPham.testTimKiemLoaiSP" name="TestSelectAll" time="0.010"/>
  <system-out/>
  <testcase classname="com.test.SanPham.testTimKiemLoaiSP" name="TestFindById" time="0.012"/>
  <system-out/>
  <testcase classname="com.test.SanPham.testTimKiemLoaiSP" name="TestSelectByLoaiInSanPham" time="0.012"/>
  <system-out/>
  <testcase classname="com.test.SanPham.testTimKiemLoaiSP" name="TestFindByKeyword" time="0.012"/>
  <system-out/>
</testsuite> <!-- com.test.SanPham.testTimKiemLoaiSP -->
