<?xml version="1.0" encoding="UTF-8"?>
<!-- Generated by org.testng.reporters.JUnitReportReporter -->
<testsuite hostname="locttpc01615" failures="0" tests="7" name="com.test.SanPham.testXoaLoaiSP" time="0.566" errors="0" timestamp="2022-04-12T18:27:23 ICT" skipped="0">
  <testcase classname="com.test.SanPham.testXoaLoaiSP" name="TestDelete" time="0.075"/>
  <system-out/>
  <testcase classname="com.test.SanPham.testXoaLoaiSP" name="TestDelete" time="0.120"/>
  <system-out/>
  <testcase classname="com.test.SanPham.testXoaLoaiSP" name="TestDelete" time="0.090"/>
  <system-out/>
  <testcase classname="com.test.SanPham.testXoaLoaiSP" name="TestDelete" time="0.085"/>
  <system-out/>
  <testcase classname="com.test.SanPham.testXoaLoaiSP" name="TestDelete" time="0.079"/>
  <system-out/>
  <testcase classname="com.test.SanPham.testXoaLoaiSP" name="TestDelete" time="0.037"/>
  <system-out/>
  <testcase classname="com.test.SanPham.testXoaLoaiSP" name="TestDelete" time="0.080"/>
  <system-out/>
</testsuite> <!-- com.test.SanPham.testXoaLoaiSP -->
