<?xml version="1.0" encoding="UTF-8"?>
<!-- Generated by org.testng.reporters.JUnitReportReporter -->
<testsuite hostname="locttpc01615" failures="0" tests="15" name="com.test.SanPham.testTimKiemSP" time="0.470" errors="0" timestamp="2022-04-12T18:27:23 ICT" skipped="0">
  <testcase classname="com.test.SanPham.testTimKiemSP" name="testSPDangKinhDoanh" time="0.012"/>
  <system-out/>
  <testcase classname="com.test.SanPham.testTimKiemSP" name="TestTimKiem" time="0.060"/>
  <system-out/>
  <testcase classname="com.test.SanPham.testTimKiemSP" name="TestTimKiem" time="0.013"/>
  <system-out/>
  <testcase classname="com.test.SanPham.testTimKiemSP" name="TestTimKiem" time="0.012"/>
  <system-out/>
  <testcase classname="com.test.SanPham.testTimKiemSP" name="TestTimKiem" time="0.058"/>
  <system-out/>
  <testcase classname="com.test.SanPham.testTimKiemSP" name="TestTimKiem" time="0.013"/>
  <system-out/>
  <testcase classname="com.test.SanPham.testTimKiemSP" name="TestSelectAll" time="0.012"/>
  <system-out/>
  <testcase classname="com.test.SanPham.testTimKiemSP" name="TestTimKiemSPKey" time="0.050"/>
  <system-out/>
  <testcase classname="com.test.SanPham.testTimKiemSP" name="TestTimKiemSPKey" time="0.057"/>
  <system-out/>
  <testcase classname="com.test.SanPham.testTimKiemSP" name="TestTimKiemSPKey" time="0.012"/>
  <system-out/>
  <testcase classname="com.test.SanPham.testTimKiemSP" name="TestTimKiemSPKey" time="0.012"/>
  <system-out/>
  <testcase classname="com.test.SanPham.testTimKiemSP" name="TestTimKiemSPKey" time="0.059"/>
  <system-out/>
  <testcase classname="com.test.SanPham.testTimKiemSP" name="TestTimKiemSPKey" time="0.074"/>
  <system-out/>
  <testcase classname="com.test.SanPham.testTimKiemSP" name="TestTimKiemSPKey" time="0.013"/>
  <system-out/>
  <testcase classname="com.test.SanPham.testTimKiemSP" name="TestTimKiemSPKey" time="0.013"/>
  <system-out/>
</testsuite> <!-- com.test.SanPham.testTimKiemSP -->
