<?xml version="1.0" encoding="UTF-8"?>
<!-- Generated by org.testng.reporters.JUnitReportReporter -->
<testsuite hostname="linhvlnpc01785" failures="0" tests="3" name="com.test.TaiKhoan.TestTimKiem" time="0.900" errors="0" timestamp="2022-04-12T13:50:32 ICT" skipped="0">
  <testcase classname="com.test.TaiKhoan.TestTimKiem" name="testTimKiemTK" time="0.040"/>
  <system-out/>
  <testcase classname="com.test.TaiKhoan.TestTimKiem" name="testTimKiemTK" time="0.040"/>
  <system-out/>
  <testcase classname="com.test.TaiKhoan.TestTimKiem" name="testTimKiemTK" time="0.820"/>
  <system-out/>
</testsuite> <!-- com.test.TaiKhoan.TestTimKiem -->
