<?xml version="1.0" encoding="UTF-8"?>
<!-- Generated by org.testng.reporters.JUnitReportReporter -->
<testsuite hostname="DESKTOP-CTJB10I" failures="0" tests="6" name="com.test.SanPham.testXoaSP" time="0.612" errors="0" timestamp="2022-04-12T18:49:04 ICT" skipped="0">
  <testcase classname="com.test.SanPham.testXoaSP" name="TestUpdateTenSP" time="0.164"/>
  <system-out/>
  <testcase classname="com.test.SanPham.testXoaSP" name="TestUpdateTenSP" time="0.075"/>
  <system-out/>
  <testcase classname="com.test.SanPham.testXoaSP" name="TestUpdateTenSP" time="0.070"/>
  <system-out/>
  <testcase classname="com.test.SanPham.testXoaSP" name="TestUpdateTenSP" time="0.097"/>
  <system-out/>
  <testcase classname="com.test.SanPham.testXoaSP" name="TestUpdateTenSP" time="0.106"/>
  <system-out/>
  <testcase classname="com.test.SanPham.testXoaSP" name="TestUpdateTenSP" time="0.100"/>
  <system-out/>
</testsuite> <!-- com.test.SanPham.testXoaSP -->
