<?xml version="1.0" encoding="UTF-8"?>
<!-- Generated by org.testng.reporters.JUnitReportReporter -->
<testsuite hostname="locttpc01615" failures="0" tests="6" name="com.test.SanPham.testXoaSP" time="0.785" errors="0" timestamp="2022-04-12T18:27:23 ICT" skipped="0">
  <testcase classname="com.test.SanPham.testXoaSP" name="TestUpdateTenSP" time="0.118"/>
  <system-out/>
  <testcase classname="com.test.SanPham.testXoaSP" name="TestUpdateTenSP" time="0.065"/>
  <system-out/>
  <testcase classname="com.test.SanPham.testXoaSP" name="TestUpdateTenSP" time="0.135"/>
  <system-out/>
  <testcase classname="com.test.SanPham.testXoaSP" name="TestUpdateTenSP" time="0.147"/>
  <system-out/>
  <testcase classname="com.test.SanPham.testXoaSP" name="TestUpdateTenSP" time="0.224"/>
  <system-out/>
  <testcase classname="com.test.SanPham.testXoaSP" name="TestUpdateTenSP" time="0.096"/>
  <system-out/>
</testsuite> <!-- com.test.SanPham.testXoaSP -->
