<?xml version="1.0" encoding="UTF-8"?>
<!-- Generated by org.testng.reporters.JUnitReportReporter -->
<testsuite hostname="locttpc01615" failures="0" tests="6" name="com.test.SanPham.testThemLoaiSP" time="0.337" errors="0" timestamp="2022-04-12T18:27:23 ICT" skipped="0">
  <testcase classname="com.test.SanPham.testThemLoaiSP" name="TestInsert" time="0.023"/>
  <system-out/>
  <testcase classname="com.test.SanPham.testThemLoaiSP" name="TestInsert" time="0.072"/>
  <system-out/>
  <testcase classname="com.test.SanPham.testThemLoaiSP" name="TestInsert" time="0.075"/>
  <system-out/>
  <testcase classname="com.test.SanPham.testThemLoaiSP" name="TestInsert" time="0.082"/>
  <system-out/>
  <testcase classname="com.test.SanPham.testThemLoaiSP" name="TestInsert" time="0.062"/>
  <system-out/>
  <testcase classname="com.test.SanPham.testThemLoaiSP" name="TestInsert" time="0.023"/>
  <system-out/>
</testsuite> <!-- com.test.SanPham.testThemLoaiSP -->
