<?xml version="1.0" encoding="UTF-8"?>
<!-- Generated by org.testng.reporters.JUnitReportReporter -->
<testsuite hostname="DESKTOP-CTJB10I" failures="0" tests="6" name="com.test.SanPham.testThemLoaiSP" time="0.221" errors="0" timestamp="2022-04-12T18:49:04 ICT" skipped="0">
  <testcase classname="com.test.SanPham.testThemLoaiSP" name="TestInsert" time="0.031"/>
  <system-out/>
  <testcase classname="com.test.SanPham.testThemLoaiSP" name="TestInsert" time="0.034"/>
  <system-out/>
  <testcase classname="com.test.SanPham.testThemLoaiSP" name="TestInsert" time="0.053"/>
  <system-out/>
  <testcase classname="com.test.SanPham.testThemLoaiSP" name="TestInsert" time="0.032"/>
  <system-out/>
  <testcase classname="com.test.SanPham.testThemLoaiSP" name="TestInsert" time="0.032"/>
  <system-out/>
  <testcase classname="com.test.SanPham.testThemLoaiSP" name="TestInsert" time="0.039"/>
  <system-out/>
</testsuite> <!-- com.test.SanPham.testThemLoaiSP -->
