<?xml version="1.0" encoding="UTF-8"?>
<!-- Generated by org.testng.reporters.JUnitReportReporter -->
<testsuite hostname="linhvlnpc01785" failures="0" tests="3" name="com.test.KhachHang.TestThemKH" time="4.503" errors="0" timestamp="2022-04-18T21:37:21 ICT" skipped="0">
  <testcase classname="com.test.KhachHang.TestThemKH" name="insertKH" time="0.704"/>
  <system-out/>
  <testcase classname="com.test.KhachHang.TestThemKH" name="insertKH" time="2.586"/>
  <system-out/>
  <testcase classname="com.test.KhachHang.TestThemKH" name="insertKH" time="1.213"/>
  <system-out/>
</testsuite> <!-- com.test.KhachHang.TestThemKH -->
