<?xml version="1.0" encoding="UTF-8"?>
<!-- Generated by org.testng.reporters.JUnitReportReporter -->
<testsuite hostname="DESKTOP-CTJB10I" failures="0" tests="4" name="com.test.HoaDon.TestXoaHDCT" time="0.368" errors="0" timestamp="2022-04-12T16:56:26 ICT" skipped="0">
  <testcase classname="com.test.HoaDon.TestXoaHDCT" name="deleteHDCTbyID" time="0.102"/>
  <system-out/>
  <testcase classname="com.test.HoaDon.TestXoaHDCT" name="deleteHDCTbyID" time="0.085"/>
  <system-out/>
  <testcase classname="com.test.HoaDon.TestXoaHDCT" name="deleteHDCTbyMaHD" time="0.121"/>
  <system-out/>
  <testcase classname="com.test.HoaDon.TestXoaHDCT" name="deleteHDCTbyMaHD" time="0.060"/>
  <system-out/>
</testsuite> <!-- com.test.HoaDon.TestXoaHDCT -->
