<?xml version="1.0" encoding="UTF-8"?>
<!-- Generated by org.testng.reporters.JUnitReportReporter -->
<testsuite hostname="linhvlnpc01785" failures="0" tests="3" name="com.test.TaiKhoan.TestXoaTaiKhoan" time="0.608" errors="0" timestamp="2022-04-12T14:01:21 ICT" skipped="0">
  <testcase classname="com.test.TaiKhoan.TestXoaTaiKhoan" name="testXoaTaiKhoan" time="0.038"/>
  <system-out/>
  <testcase classname="com.test.TaiKhoan.TestXoaTaiKhoan" name="testXoaTaiKhoan" time="0.033"/>
  <system-out/>
  <testcase classname="com.test.TaiKhoan.TestXoaTaiKhoan" name="testXoaTaiKhoan" time="0.537"/>
  <system-out/>
</testsuite> <!-- com.test.TaiKhoan.TestXoaTaiKhoan -->
