<?xml version="1.0" encoding="UTF-8"?>
<!-- Generated by org.testng.reporters.JUnitReportReporter -->
<testsuite hostname="locttpc01615" failures="0" tests="3" name="com.test.TaiKhoan.TestTimKiem" time="1.446" errors="0" timestamp="2022-04-12T18:26:36 ICT" skipped="0">
  <testcase classname="com.test.TaiKhoan.TestTimKiem" name="testTimKiemTK" time="0.046"/>
  <system-out/>
  <testcase classname="com.test.TaiKhoan.TestTimKiem" name="testTimKiemTK" time="0.042"/>
  <system-out/>
  <testcase classname="com.test.TaiKhoan.TestTimKiem" name="testTimKiemTK" time="1.358"/>
  <system-out/>
</testsuite> <!-- com.test.TaiKhoan.TestTimKiem -->
