<?xml version="1.0" encoding="UTF-8"?>
<!-- Generated by org.testng.reporters.JUnitReportReporter -->
<testsuite hostname="DESKTOP-CTJB10I" failures="0" tests="9" name="com.test.SanPham.testCapNhatSP" time="0.569" errors="0" timestamp="2022-04-12T18:49:04 ICT" skipped="0">
  <testcase classname="com.test.SanPham.testCapNhatSP" name="TestUpdateTenSP" time="0.077"/>
  <system-out/>
  <testcase classname="com.test.SanPham.testCapNhatSP" name="TestUpdateTenSP" time="0.057"/>
  <system-out/>
  <testcase classname="com.test.SanPham.testCapNhatSP" name="TestUpdateTenSP" time="0.062"/>
  <system-out/>
  <testcase classname="com.test.SanPham.testCapNhatSP" name="TestUpdateSoLuongSP" time="0.064"/>
  <system-out/>
  <testcase classname="com.test.SanPham.testCapNhatSP" name="TestUpdateSoLuongSP" time="0.070"/>
  <system-out/>
  <testcase classname="com.test.SanPham.testCapNhatSP" name="TestUpdateSoLuongSP" time="0.052"/>
  <system-out/>
  <testcase classname="com.test.SanPham.testCapNhatSP" name="TestUpdateGiaSP" time="0.080"/>
  <system-out/>
  <testcase classname="com.test.SanPham.testCapNhatSP" name="TestUpdateGiaSP" time="0.057"/>
  <system-out/>
  <testcase classname="com.test.SanPham.testCapNhatSP" name="TestUpdateGiaSP" time="0.050"/>
  <system-out/>
</testsuite> <!-- com.test.SanPham.testCapNhatSP -->
