<?xml version="1.0" encoding="UTF-8"?>
<!-- Generated by org.testng.reporters.JUnitReportReporter -->
<testsuite hostname="linhvlnpc01785" failures="0" tests="9" name="com.test.NhanVien.TestTimKiem" time="1.491" errors="0" timestamp="2022-04-12T15:43:05 ICT" skipped="0">
  <testcase classname="com.test.NhanVien.TestTimKiem" name="testTimKiemSdt" time="0.991"/>
  <system-out/>
  <testcase classname="com.test.NhanVien.TestTimKiem" name="testTimKiemSdt" time="0.124"/>
  <system-out/>
  <testcase classname="com.test.NhanVien.TestTimKiem" name="testTimKiemSdt" time="0.037"/>
  <system-out/>
  <testcase classname="com.test.NhanVien.TestTimKiem" name="testTimKiemHoTen" time="0.075"/>
  <system-out/>
  <testcase classname="com.test.NhanVien.TestTimKiem" name="testTimKiemHoTen" time="0.030"/>
  <system-out/>
  <testcase classname="com.test.NhanVien.TestTimKiem" name="testTimKiemHoTen" time="0.051"/>
  <system-out/>
  <testcase classname="com.test.NhanVien.TestTimKiem" name="testTimKiemMaNV" time="0.049"/>
  <system-out/>
  <testcase classname="com.test.NhanVien.TestTimKiem" name="testTimKiemMaNV" time="0.077"/>
  <system-out/>
  <testcase classname="com.test.NhanVien.TestTimKiem" name="testTimKiemMaNV" time="0.057"/>
  <system-out/>
</testsuite> <!-- com.test.NhanVien.TestTimKiem -->
