<?xml version="1.0" encoding="UTF-8"?>
<!-- Generated by org.testng.reporters.JUnitReportReporter -->
<testsuite hostname="linhvlnpc01785" failures="0" tests="3" name="com.test.NhanVien.TestCapNhatNhanVien" time="0.884" errors="0" timestamp="2022-04-12T15:53:45 ICT" skipped="0">
  <testcase classname="com.test.NhanVien.TestCapNhatNhanVien" name="testThemNhanVien" time="0.671"/>
  <system-out/>
  <testcase classname="com.test.NhanVien.TestCapNhatNhanVien" name="testThemNhanVien" time="0.093"/>
  <system-out/>
  <testcase classname="com.test.NhanVien.TestCapNhatNhanVien" name="testThemNhanVien" time="0.120"/>
  <system-out/>
</testsuite> <!-- com.test.NhanVien.TestCapNhatNhanVien -->
