<?xml version="1.0" encoding="UTF-8"?>
<!-- Generated by org.testng.reporters.JUnitReportReporter -->
<testsuite hostname="linhvlnpc01785" failures="0" tests="8" name="com.test.HoaDon.TestTimHoaDon" time="2.539" errors="0" timestamp="2022-04-18T22:06:18 ICT" skipped="0">
  <testcase classname="com.test.HoaDon.TestTimHoaDon" name="findHDbyMaHD" time="0.706"/>
  <system-out/>
  <testcase classname="com.test.HoaDon.TestTimHoaDon" name="findHDbyMaHD" time="0.020"/>
  <system-out/>
  <testcase classname="com.test.HoaDon.TestTimHoaDon" name="findHDbyKey" time="0.873"/>
  <system-out/>
  <testcase classname="com.test.HoaDon.TestTimHoaDon" name="findHDbyKey" time="0.117"/>
  <system-out/>
  <testcase classname="com.test.HoaDon.TestTimHoaDon" name="findHDCTbyID" time="0.030"/>
  <system-out/>
  <testcase classname="com.test.HoaDon.TestTimHoaDon" name="findHDCTbyID" time="0.057"/>
  <system-out/>
  <testcase classname="com.test.HoaDon.TestTimHoaDon" name="findHDCTbyMaHD" time="0.707"/>
  <system-out/>
  <testcase classname="com.test.HoaDon.TestTimHoaDon" name="findHDCTbyMaHD" time="0.029"/>
  <system-out/>
</testsuite> <!-- com.test.HoaDon.TestTimHoaDon -->
