<?xml version="1.0" encoding="UTF-8"?>
<!-- Generated by org.testng.reporters.JUnitReportReporter -->
<testsuite hostname="DESKTOP-CTJB10I" failures="0" tests="18" name="com.test.SanPham.testTimKiemLoaiSP" time="0.402" errors="0" timestamp="2022-04-12T18:49:04 ICT" skipped="0">
  <testcase classname="com.test.SanPham.testTimKiemLoaiSP" name="TestFindByKeyword" time="0.039"/>
  <system-out/>
  <testcase classname="com.test.SanPham.testTimKiemLoaiSP" name="TestSelectByLoaiInSanPham" time="0.020"/>
  <system-out/>
  <testcase classname="com.test.SanPham.testTimKiemLoaiSP" name="TestFindByKeyword" time="0.026"/>
  <system-out/>
  <testcase classname="com.test.SanPham.testTimKiemLoaiSP" name="TestFindById" time="0.020"/>
  <system-out/>
  <testcase classname="com.test.SanPham.testTimKiemLoaiSP" name="TestFindByKeyword" time="0.027"/>
  <system-out/>
  <testcase classname="com.test.SanPham.testTimKiemLoaiSP" name="TestFindByKeyword" time="0.016"/>
  <system-out/>
  <testcase classname="com.test.SanPham.testTimKiemLoaiSP" name="TestFindById" time="0.022"/>
  <system-out/>
  <testcase classname="com.test.SanPham.testTimKiemLoaiSP" name="TestSelectByLoaiInSanPham" time="0.017"/>
  <system-out/>
  <testcase classname="com.test.SanPham.testTimKiemLoaiSP" name="TestFindById" time="0.021"/>
  <system-out/>
  <testcase classname="com.test.SanPham.testTimKiemLoaiSP" name="TestFindById" time="0.037"/>
  <system-out/>
  <testcase classname="com.test.SanPham.testTimKiemLoaiSP" name="TestSelectByLoaiInSanPham" time="0.020"/>
  <system-out/>
  <testcase classname="com.test.SanPham.testTimKiemLoaiSP" name="TestSelectAll" time="0.015"/>
  <system-out/>
  <testcase classname="com.test.SanPham.testTimKiemLoaiSP" name="TestFindById" time="0.021"/>
  <system-out/>
  <testcase classname="com.test.SanPham.testTimKiemLoaiSP" name="TestSelectByLoaiInSanPham" time="0.015"/>
  <system-out/>
  <testcase classname="com.test.SanPham.testTimKiemLoaiSP" name="TestSelectByLoaiInSanPham" time="0.015"/>
  <system-out/>
  <testcase classname="com.test.SanPham.testTimKiemLoaiSP" name="TestFindById" time="0.019"/>
  <system-out/>
  <testcase classname="com.test.SanPham.testTimKiemLoaiSP" name="TestFindByKeyword" time="0.034"/>
  <system-out/>
  <testcase classname="com.test.SanPham.testTimKiemLoaiSP" name="TestFindByKeyword" time="0.018"/>
  <system-out/>
</testsuite> <!-- com.test.SanPham.testTimKiemLoaiSP -->
