<?xml version="1.0" encoding="UTF-8"?>
<!-- Generated by org.testng.reporters.JUnitReportReporter -->
<testsuite hostname="linhvlnpc01785" failures="0" tests="3" name="com.test.TaiKhoan.TestDangKy" time="1.107" errors="0" timestamp="2022-04-12T11:24:55 ICT" skipped="0">
  <testcase classname="com.test.TaiKhoan.TestDangKy" name="testDangKy" time="0.950"/>
  <system-out/>
  <testcase classname="com.test.TaiKhoan.TestDangKy" name="testDangKy" time="0.102"/>
  <system-out/>
  <testcase classname="com.test.TaiKhoan.TestDangKy" name="testDangKy" time="0.055"/>
  <system-out/>
</testsuite> <!-- com.test.TaiKhoan.TestDangKy -->
