<?xml version="1.0" encoding="UTF-8"?>
<!-- Generated by org.testng.reporters.JUnitReportReporter -->
<testsuite hostname="linhvlnpc01785" failures="0" tests="3" name="com.test.NhanVien.TestThemNhanVien" time="2.470" errors="0" timestamp="2022-04-12T15:23:06 ICT" skipped="0">
  <testcase classname="com.test.NhanVien.TestThemNhanVien" name="testThemNhanVien" time="0.817"/>
  <system-out/>
  <testcase classname="com.test.NhanVien.TestThemNhanVien" name="testThemNhanVien" time="1.594"/>
  <system-out/>
  <testcase classname="com.test.NhanVien.TestThemNhanVien" name="testThemNhanVien" time="0.059"/>
  <system-out/>
</testsuite> <!-- com.test.NhanVien.TestThemNhanVien -->
