<?xml version="1.0" encoding="UTF-8"?>
<!-- Generated by org.testng.reporters.JUnitReportReporter -->
<testsuite hostname="DESKTOP-CTJB10I" failures="0" tests="8" name="com.test.HoaDon.TestSuaHoaDon" time="0.443" errors="0" timestamp="2022-04-12T16:56:26 ICT" skipped="0">
  <testcase classname="com.test.HoaDon.TestSuaHoaDon" name="updatetHD" time="0.054"/>
  <system-out/>
  <testcase classname="com.test.HoaDon.TestSuaHoaDon" name="updatetHD" time="0.044"/>
  <system-out/>
  <testcase classname="com.test.HoaDon.TestSuaHoaDon" name="updatetHD" time="0.058"/>
  <system-out/>
  <testcase classname="com.test.HoaDon.TestSuaHoaDon" name="updatetHD" time="0.058"/>
  <system-out/>
  <testcase classname="com.test.HoaDon.TestSuaHoaDon" name="updatetHDCT" time="0.051"/>
  <system-out/>
  <testcase classname="com.test.HoaDon.TestSuaHoaDon" name="updatetHDCT" time="0.060"/>
  <system-out/>
  <testcase classname="com.test.HoaDon.TestSuaHoaDon" name="updatetHDCT" time="0.048"/>
  <system-out/>
  <testcase classname="com.test.HoaDon.TestSuaHoaDon" name="updatetHDCT" time="0.070"/>
  <system-out/>
</testsuite> <!-- com.test.HoaDon.TestSuaHoaDon -->
