<?xml version="1.0" encoding="UTF-8"?>
<!-- Generated by org.testng.reporters.JUnitReportReporter -->
<testsuite hostname="locttpc01615" failures="0" tests="3" name="com.test.TaiKhoan.TestDoiMatKhau" time="0.553" errors="0" timestamp="2022-04-12T18:24:48 ICT" skipped="0">
  <testcase classname="com.test.TaiKhoan.TestDoiMatKhau" name="testDoiMatKhau" time="0.491"/>
  <system-out/>
  <testcase classname="com.test.TaiKhoan.TestDoiMatKhau" name="testDoiMatKhau" time="0.017"/>
  <system-out/>
  <testcase classname="com.test.TaiKhoan.TestDoiMatKhau" name="testDoiMatKhau" time="0.045"/>
  <system-out/>
</testsuite> <!-- com.test.TaiKhoan.TestDoiMatKhau -->
