<?xml version="1.0" encoding="UTF-8"?>
<!-- Generated by org.testng.reporters.JUnitReportReporter -->
<testsuite hostname="locttpc01615" failures="0" tests="5" name="com.test.SanPham.testThemSP" time="0.723" errors="0" timestamp="2022-04-12T18:27:23 ICT" skipped="0">
  <testcase classname="com.test.SanPham.testThemSP" name="TestInsert" time="0.153"/>
  <system-out/>
  <testcase classname="com.test.SanPham.testThemSP" name="TestInsert" time="0.452"/>
  <system-out/>
  <testcase classname="com.test.SanPham.testThemSP" name="TestInsert" time="0.036"/>
  <system-out/>
  <testcase classname="com.test.SanPham.testThemSP" name="TestInsert" time="0.038"/>
  <system-out/>
  <testcase classname="com.test.SanPham.testThemSP" name="TestInsert" time="0.044"/>
  <system-out/>
</testsuite> <!-- com.test.SanPham.testThemSP -->
