<?xml version="1.0" encoding="UTF-8"?>
<!-- Generated by org.testng.reporters.JUnitReportReporter -->
<testsuite hostname="DESKTOP-CTJB10I" failures="0" tests="5" name="com.test.SanPham.testThemSP" time="1.526" errors="0" timestamp="2022-04-12T18:49:04 ICT" skipped="0">
  <testcase classname="com.test.SanPham.testThemSP" name="TestInsert" time="0.185"/>
  <system-out/>
  <testcase classname="com.test.SanPham.testThemSP" name="TestInsert" time="0.995"/>
  <system-out/>
  <testcase classname="com.test.SanPham.testThemSP" name="TestInsert" time="0.068"/>
  <system-out/>
  <testcase classname="com.test.SanPham.testThemSP" name="TestInsert" time="0.090"/>
  <system-out/>
  <testcase classname="com.test.SanPham.testThemSP" name="TestInsert" time="0.188"/>
  <system-out/>
</testsuite> <!-- com.test.SanPham.testThemSP -->
