<?xml version="1.0" encoding="UTF-8"?>
<!-- Generated by org.testng.reporters.JUnitReportReporter -->
<testsuite hostname="linhvlnpc01785" failures="0" tests="3" name="com.test.KhachHang.TestSuaKH" time="1.358" errors="0" timestamp="2022-04-18T21:37:21 ICT" skipped="0">
  <testcase classname="com.test.KhachHang.TestSuaKH" name="updateKH" time="0.058"/>
  <system-out/>
  <testcase classname="com.test.KhachHang.TestSuaKH" name="updateKH" time="0.484"/>
  <system-out/>
  <testcase classname="com.test.KhachHang.TestSuaKH" name="updateKH" time="0.816"/>
  <system-out/>
</testsuite> <!-- com.test.KhachHang.TestSuaKH -->
