<?xml version="1.0" encoding="UTF-8"?>
<!-- Generated by org.testng.reporters.JUnitReportReporter -->
<testsuite hostname="locttpc01615" failures="0" tests="3" name="com.test.TaiKhoan.TestDangKy" time="0.604" errors="0" timestamp="2022-04-12T18:24:40 ICT" skipped="0">
  <testcase classname="com.test.TaiKhoan.TestDangKy" name="testDangKy" time="0.526"/>
  <system-out/>
  <testcase classname="com.test.TaiKhoan.TestDangKy" name="testDangKy" time="0.040"/>
  <system-out/>
  <testcase classname="com.test.TaiKhoan.TestDangKy" name="testDangKy" time="0.038"/>
  <system-out/>
</testsuite> <!-- com.test.TaiKhoan.TestDangKy -->
