<?xml version="1.0" encoding="UTF-8"?>
<!-- Generated by org.testng.reporters.JUnitReportReporter -->
<testsuite hostname="linhvlnpc01785" failures="0" tests="3" name="com.test.NhanVien.TestXoaNhanVien" time="0.979" errors="0" timestamp="2022-04-12T16:00:59 ICT" skipped="0">
  <testcase classname="com.test.NhanVien.TestXoaNhanVien" name="testXoaNhanVien" time="0.768"/>
  <system-out/>
  <testcase classname="com.test.NhanVien.TestXoaNhanVien" name="testXoaNhanVien" time="0.126"/>
  <system-out/>
  <testcase classname="com.test.NhanVien.TestXoaNhanVien" name="testXoaNhanVien" time="0.085"/>
  <system-out/>
</testsuite> <!-- com.test.NhanVien.TestXoaNhanVien -->
