<?xml version="1.0" encoding="UTF-8"?>
<!-- Generated by org.testng.reporters.JUnitReportReporter -->
<testsuite hostname="DESKTOP-CTJB10I" failures="0" tests="10" name="com.test.HoaDon.TestThemHoaDon" time="1.781" errors="0" timestamp="2022-04-21T10:49:51 ICT" skipped="0">
  <testcase classname="com.test.HoaDon.TestThemHoaDon" name="insertHD" time="0.805"/>
  <system-out/>
  <testcase classname="com.test.HoaDon.TestThemHoaDon" name="insertHD" time="0.113"/>
  <system-out/>
  <testcase classname="com.test.HoaDon.TestThemHoaDon" name="insertHD" time="0.110"/>
  <system-out/>
  <testcase classname="com.test.HoaDon.TestThemHoaDon" name="insertHDCT" time="0.093"/>
  <system-out/>
  <testcase classname="com.test.HoaDon.TestThemHoaDon" name="insertHDCT" time="0.116"/>
  <system-out/>
  <testcase classname="com.test.HoaDon.TestThemHoaDon" name="insertHDCT" time="0.113"/>
  <system-out/>
  <testcase classname="com.test.HoaDon.TestThemHoaDon" name="insertHDCT" time="0.101"/>
  <system-out/>
  <testcase classname="com.test.HoaDon.TestThemHoaDon" name="insertHDCT" time="0.109"/>
  <system-out/>
  <testcase classname="com.test.HoaDon.TestThemHoaDon" name="insertHDCT" time="0.093"/>
  <system-out/>
  <testcase classname="com.test.HoaDon.TestThemHoaDon" name="insertHDCT" time="0.128"/>
  <system-out/>
</testsuite> <!-- com.test.HoaDon.TestThemHoaDon -->
