<?xml version="1.0" encoding="UTF-8"?>
<!-- Generated by org.testng.reporters.JUnitReportReporter -->
<testsuite hostname="DESKTOP-CTJB10I" failures="0" tests="3" name="com.test.HoaDon.ThemHoaDon" time="0.835" errors="0" timestamp="2022-04-10T12:46:07 ICT" skipped="0">
  <testcase classname="com.test.HoaDon.ThemHoaDon" name="insertHD" time="0.619"/>
  <system-out/>
  <testcase classname="com.test.HoaDon.ThemHoaDon" name="insertHD" time="0.126"/>
  <system-out/>
  <testcase classname="com.test.HoaDon.ThemHoaDon" name="insertHD" time="0.090"/>
  <system-out/>
</testsuite> <!-- com.test.HoaDon.ThemHoaDon -->
