<?xml version="1.0" encoding="UTF-8"?>
<!-- Generated by org.testng.reporters.JUnitReportReporter -->
<testsuite hostname="DESKTOP-CTJB10I" failures="0" tests="10" name="com.test.HoaDon.TestThemHoaDon" time="1.763" errors="0" timestamp="2022-04-12T16:56:26 ICT" skipped="0">
  <testcase classname="com.test.HoaDon.TestThemHoaDon" name="insertHD" time="0.118"/>
  <system-out/>
  <testcase classname="com.test.HoaDon.TestThemHoaDon" name="insertHD" time="0.131"/>
  <system-out/>
  <testcase classname="com.test.HoaDon.TestThemHoaDon" name="insertHD" time="0.757"/>
  <system-out/>
  <testcase classname="com.test.HoaDon.TestThemHoaDon" name="insertHDCT" time="0.108"/>
  <system-out/>
  <testcase classname="com.test.HoaDon.TestThemHoaDon" name="insertHDCT" time="0.114"/>
  <system-out/>
  <testcase classname="com.test.HoaDon.TestThemHoaDon" name="insertHDCT" time="0.100"/>
  <system-out/>
  <testcase classname="com.test.HoaDon.TestThemHoaDon" name="insertHDCT" time="0.124"/>
  <system-out/>
  <testcase classname="com.test.HoaDon.TestThemHoaDon" name="insertHDCT" time="0.096"/>
  <system-out/>
  <testcase classname="com.test.HoaDon.TestThemHoaDon" name="insertHDCT" time="0.100"/>
  <system-out/>
  <testcase classname="com.test.HoaDon.TestThemHoaDon" name="insertHDCT" time="0.115"/>
  <system-out/>
</testsuite> <!-- com.test.HoaDon.TestThemHoaDon -->
