<?xml version="1.0" encoding="UTF-8"?>
<!-- Generated by org.testng.reporters.JUnitReportReporter -->
<testsuite hostname="locttpc01615" failures="0" tests="6" name="com.test.SanPham.testCapNhatLoaiSP" time="0.338" errors="0" timestamp="2022-04-12T18:27:23 ICT" skipped="0">
  <testcase classname="com.test.SanPham.testCapNhatLoaiSP" name="TestUpdate" time="0.023"/>
  <system-out/>
  <testcase classname="com.test.SanPham.testCapNhatLoaiSP" name="TestUpdate" time="0.069"/>
  <system-out/>
  <testcase classname="com.test.SanPham.testCapNhatLoaiSP" name="TestUpdate" time="0.070"/>
  <system-out/>
  <testcase classname="com.test.SanPham.testCapNhatLoaiSP" name="TestUpdate" time="0.068"/>
  <system-out/>
  <testcase classname="com.test.SanPham.testCapNhatLoaiSP" name="TestUpdate" time="0.084"/>
  <system-out/>
  <testcase classname="com.test.SanPham.testCapNhatLoaiSP" name="TestUpdate" time="0.024"/>
  <system-out/>
</testsuite> <!-- com.test.SanPham.testCapNhatLoaiSP -->
