<?xml version="1.0" encoding="UTF-8"?>
<!-- Generated by org.testng.reporters.JUnitReportReporter -->
<testsuite hostname="DESKTOP-CTJB10I" failures="0" tests="8" name="com.test.HoaDon.TestTimHoaDon" time="0.191" errors="0" timestamp="2022-04-12T16:56:26 ICT" skipped="0">
  <testcase classname="com.test.HoaDon.TestTimHoaDon" name="findHDbyMaHD" time="0.016"/>
  <system-out/>
  <testcase classname="com.test.HoaDon.TestTimHoaDon" name="findHDbyMaHD" time="0.019"/>
  <system-out/>
  <testcase classname="com.test.HoaDon.TestTimHoaDon" name="findHDbyKey" time="0.020"/>
  <system-out/>
  <testcase classname="com.test.HoaDon.TestTimHoaDon" name="findHDbyKey" time="0.055"/>
  <system-out/>
  <testcase classname="com.test.HoaDon.TestTimHoaDon" name="findHDCTbyID" time="0.019"/>
  <system-out/>
  <testcase classname="com.test.HoaDon.TestTimHoaDon" name="findHDCTbyID" time="0.021"/>
  <system-out/>
  <testcase classname="com.test.HoaDon.TestTimHoaDon" name="findHDCTbyMaHD" time="0.019"/>
  <system-out/>
  <testcase classname="com.test.HoaDon.TestTimHoaDon" name="findHDCTbyMaHD" time="0.022"/>
  <system-out/>
</testsuite> <!-- com.test.HoaDon.TestTimHoaDon -->
