<?xml version="1.0" encoding="UTF-8"?>
<!-- Generated by org.testng.reporters.JUnitReportReporter -->
<testsuite hostname="locttpc01615" failures="0" tests="9" name="com.test.SanPham.testCapNhatSP" time="1.104" errors="0" timestamp="2022-04-12T18:27:23 ICT" skipped="0">
  <testcase classname="com.test.SanPham.testCapNhatSP" name="TestUpdateTenSP" time="0.128"/>
  <system-out/>
  <testcase classname="com.test.SanPham.testCapNhatSP" name="TestUpdateTenSP" time="0.107"/>
  <system-out/>
  <testcase classname="com.test.SanPham.testCapNhatSP" name="TestUpdateTenSP" time="0.143"/>
  <system-out/>
  <testcase classname="com.test.SanPham.testCapNhatSP" name="TestUpdateSoLuongSP" time="0.056"/>
  <system-out/>
  <testcase classname="com.test.SanPham.testCapNhatSP" name="TestUpdateSoLuongSP" time="0.197"/>
  <system-out/>
  <testcase classname="com.test.SanPham.testCapNhatSP" name="TestUpdateSoLuongSP" time="0.070"/>
  <system-out/>
  <testcase classname="com.test.SanPham.testCapNhatSP" name="TestUpdateGiaSP" time="0.058"/>
  <system-out/>
  <testcase classname="com.test.SanPham.testCapNhatSP" name="TestUpdateGiaSP" time="0.156"/>
  <system-out/>
  <testcase classname="com.test.SanPham.testCapNhatSP" name="TestUpdateGiaSP" time="0.189"/>
  <system-out/>
</testsuite> <!-- com.test.SanPham.testCapNhatSP -->
