<?xml version="1.0" encoding="UTF-8"?>
<!-- Generated by org.testng.reporters.JUnitReportReporter -->
<testsuite hostname="DESKTOP-CTJB10I" failures="0" tests="15" name="com.test.SanPham.testTimKiemSP" time="0.391" errors="0" timestamp="2022-04-12T18:49:04 ICT" skipped="0">
  <testcase classname="com.test.SanPham.testTimKiemSP" name="TestTimKiem" time="0.030"/>
  <system-out/>
  <testcase classname="com.test.SanPham.testTimKiemSP" name="TestTimKiem" time="0.030"/>
  <system-out/>
  <testcase classname="com.test.SanPham.testTimKiemSP" name="testSPDangKinhDoanh" time="0.029"/>
  <system-out/>
  <testcase classname="com.test.SanPham.testTimKiemSP" name="TestSelectAll" time="0.024"/>
  <system-out/>
  <testcase classname="com.test.SanPham.testTimKiemSP" name="TestTimKiem" time="0.029"/>
  <system-out/>
  <testcase classname="com.test.SanPham.testTimKiemSP" name="TestTimKiem" time="0.040"/>
  <system-out/>
  <testcase classname="com.test.SanPham.testTimKiemSP" name="TestTimKiem" time="0.027"/>
  <system-out/>
  <testcase classname="com.test.SanPham.testTimKiemSP" name="TestTimKiemSPKey" time="0.021"/>
  <system-out/>
  <testcase classname="com.test.SanPham.testTimKiemSP" name="TestTimKiemSPKey" time="0.019"/>
  <system-out/>
  <testcase classname="com.test.SanPham.testTimKiemSP" name="TestTimKiemSPKey" time="0.019"/>
  <system-out/>
  <testcase classname="com.test.SanPham.testTimKiemSP" name="TestTimKiemSPKey" time="0.021"/>
  <system-out/>
  <testcase classname="com.test.SanPham.testTimKiemSP" name="TestTimKiemSPKey" time="0.037"/>
  <system-out/>
  <testcase classname="com.test.SanPham.testTimKiemSP" name="TestTimKiemSPKey" time="0.026"/>
  <system-out/>
  <testcase classname="com.test.SanPham.testTimKiemSP" name="TestTimKiemSPKey" time="0.020"/>
  <system-out/>
  <testcase classname="com.test.SanPham.testTimKiemSP" name="TestTimKiemSPKey" time="0.019"/>
  <system-out/>
</testsuite> <!-- com.test.SanPham.testTimKiemSP -->
