<?xml version="1.0" encoding="UTF-8"?>
<!-- Generated by org.testng.reporters.JUnitReportReporter -->
<testsuite hostname="linhvlnpc01785" failures="0" tests="3" name="com.test.TaiKhoan.TestDoiMatKhau" time="1.036" errors="0" timestamp="2022-04-12T11:19:48 ICT" skipped="0">
  <testcase classname="com.test.TaiKhoan.TestDoiMatKhau" name="testDoiMatKhau" time="0.026"/>
  <system-out/>
  <testcase classname="com.test.TaiKhoan.TestDoiMatKhau" name="testDoiMatKhau" time="0.158"/>
  <system-out/>
  <testcase classname="com.test.TaiKhoan.TestDoiMatKhau" name="testDoiMatKhau" time="0.852"/>
  <system-out/>
</testsuite> <!-- com.test.TaiKhoan.TestDoiMatKhau -->
