<?xml version="1.0" encoding="UTF-8"?>
<!-- Generated by org.testng.reporters.JUnitReportReporter -->
<testsuite hostname="linhvlnpc01785" failures="0" tests="10" name="com.test.HoaDon.TestThemHoaDon" time="7.137" errors="0" timestamp="2022-04-18T22:06:18 ICT" skipped="0">
  <testcase classname="com.test.HoaDon.TestThemHoaDon" name="insertHD" time="0.933"/>
  <system-out/>
  <testcase classname="com.test.HoaDon.TestThemHoaDon" name="insertHD" time="0.335"/>
  <system-out/>
  <testcase classname="com.test.HoaDon.TestThemHoaDon" name="insertHD" time="0.231"/>
  <system-out/>
  <testcase classname="com.test.HoaDon.TestThemHoaDon" name="insertHDCT" time="0.858"/>
  <system-out/>
  <testcase classname="com.test.HoaDon.TestThemHoaDon" name="insertHDCT" time="0.220"/>
  <system-out/>
  <testcase classname="com.test.HoaDon.TestThemHoaDon" name="insertHDCT" time="0.228"/>
  <system-out/>
  <testcase classname="com.test.HoaDon.TestThemHoaDon" name="insertHDCT" time="0.773"/>
  <system-out/>
  <testcase classname="com.test.HoaDon.TestThemHoaDon" name="insertHDCT" time="0.796"/>
  <system-out/>
  <testcase classname="com.test.HoaDon.TestThemHoaDon" name="insertHDCT" time="1.622"/>
  <system-out/>
  <testcase classname="com.test.HoaDon.TestThemHoaDon" name="insertHDCT" time="1.141"/>
  <system-out/>
</testsuite> <!-- com.test.HoaDon.TestThemHoaDon -->
