<?xml version="1.0" encoding="UTF-8"?>
<!-- Generated by org.testng.reporters.JUnitReportReporter -->
<testsuite hostname="DESKTOP-CTJB10I" failures="0" tests="3" name="com.test.KhachHang.TestXoaKH" time="0.272" errors="0" timestamp="2022-04-12T18:37:46 ICT" skipped="0">
  <testcase classname="com.test.KhachHang.TestXoaKH" name="updateKH" time="0.089"/>
  <system-out/>
  <testcase classname="com.test.KhachHang.TestXoaKH" name="updateKH" time="0.096"/>
  <system-out/>
  <testcase classname="com.test.KhachHang.TestXoaKH" name="updateKH" time="0.087"/>
  <system-out/>
</testsuite> <!-- com.test.KhachHang.TestXoaKH -->
