<?xml version="1.0" encoding="UTF-8"?>
<!-- Generated by org.testng.reporters.JUnitReportReporter -->
<testsuite hostname="DESKTOP-CTJB10I" failures="0" tests="7" name="com.test.SanPham.testXoaLoaiSP" time="0.426" errors="0" timestamp="2022-04-12T18:49:04 ICT" skipped="0">
  <testcase classname="com.test.SanPham.testXoaLoaiSP" name="TestDelete" time="0.064"/>
  <system-out/>
  <testcase classname="com.test.SanPham.testXoaLoaiSP" name="TestDelete" time="0.058"/>
  <system-out/>
  <testcase classname="com.test.SanPham.testXoaLoaiSP" name="TestDelete" time="0.068"/>
  <system-out/>
  <testcase classname="com.test.SanPham.testXoaLoaiSP" name="TestDelete" time="0.070"/>
  <system-out/>
  <testcase classname="com.test.SanPham.testXoaLoaiSP" name="TestDelete" time="0.057"/>
  <system-out/>
  <testcase classname="com.test.SanPham.testXoaLoaiSP" name="TestDelete" time="0.050"/>
  <system-out/>
  <testcase classname="com.test.SanPham.testXoaLoaiSP" name="TestDelete" time="0.059"/>
  <system-out/>
</testsuite> <!-- com.test.SanPham.testXoaLoaiSP -->
