<?xml version="1.0" encoding="UTF-8"?>
<!-- Generated by org.testng.reporters.JUnitReportReporter -->
<testsuite hostname="linhvlnpc01785" failures="0" tests="8" name="com.test.HoaDon.TestSuaHoaDon" time="2.267" errors="0" timestamp="2022-04-18T22:06:18 ICT" skipped="0">
  <testcase classname="com.test.HoaDon.TestSuaHoaDon" name="updatetHD" time="0.128"/>
  <system-out/>
  <testcase classname="com.test.HoaDon.TestSuaHoaDon" name="updatetHD" time="0.051"/>
  <system-out/>
  <testcase classname="com.test.HoaDon.TestSuaHoaDon" name="updatetHD" time="0.839"/>
  <system-out/>
  <testcase classname="com.test.HoaDon.TestSuaHoaDon" name="updatetHD" time="0.780"/>
  <system-out/>
  <testcase classname="com.test.HoaDon.TestSuaHoaDon" name="updatetHDCT" time="0.159"/>
  <system-out/>
  <testcase classname="com.test.HoaDon.TestSuaHoaDon" name="updatetHDCT" time="0.063"/>
  <system-out/>
  <testcase classname="com.test.HoaDon.TestSuaHoaDon" name="updatetHDCT" time="0.166"/>
  <system-out/>
  <testcase classname="com.test.HoaDon.TestSuaHoaDon" name="updatetHDCT" time="0.081"/>
  <system-out/>
</testsuite> <!-- com.test.HoaDon.TestSuaHoaDon -->
