<?xml version="1.0" encoding="UTF-8"?>
<!-- Generated by org.testng.reporters.JUnitReportReporter -->
<testsuite hostname="DESKTOP-CTJB10I" failures="0" tests="3" name="com.test.KhachHang.TestSuaKH" time="0.173" errors="0" timestamp="2022-04-21T10:50:17 ICT" skipped="0">
  <testcase classname="com.test.KhachHang.TestSuaKH" name="updateKH" time="0.053"/>
  <system-out/>
  <testcase classname="com.test.KhachHang.TestSuaKH" name="updateKH" time="0.062"/>
  <system-out/>
  <testcase classname="com.test.KhachHang.TestSuaKH" name="updateKH" time="0.058"/>
  <system-out/>
</testsuite> <!-- com.test.KhachHang.TestSuaKH -->
