<?xml version="1.0" encoding="UTF-8"?>
<!-- Generated by org.testng.reporters.JUnitReportReporter -->
<testsuite hostname="locttpc01615" failures="0" tests="1" name="com.test.SanPham.ThemChucVu" time="0.007" errors="0" timestamp="2022-04-10T09:22:54 ICT" skipped="0">
  <testcase classname="com.test.SanPham.ThemChucVu" name="f" time="0.007"/>
  <system-out/>
</testsuite> <!-- com.test.SanPham.ThemChucVu -->
