<?xml version="1.0" encoding="UTF-8"?>
<!-- Generated by org.testng.reporters.JUnitReportReporter -->
<testsuite hostname="linhvlnpc01785" failures="0" tests="3" name="com.test.KhachHang.TestXoaKH" time="1.970" errors="0" timestamp="2022-04-18T21:37:21 ICT" skipped="0">
  <testcase classname="com.test.KhachHang.TestXoaKH" name="updateKH" time="0.152"/>
  <system-out/>
  <testcase classname="com.test.KhachHang.TestXoaKH" name="updateKH" time="0.121"/>
  <system-out/>
  <testcase classname="com.test.KhachHang.TestXoaKH" name="updateKH" time="1.697"/>
  <system-out/>
</testsuite> <!-- com.test.KhachHang.TestXoaKH -->
